<?xml version="1.0" encoding="UTF-8"?>
<!-- Generated by org.testng.reporters.JUnitReportReporter -->
<testsuite hostname="LAPTOP-58IR3VEO" failures="0" tests="2" name="Test.Testmvn.SeleniumTest" time="0.002" errors="0" timestamp="2022-03-23T01:10:48 EDT" skipped="0">
  <testcase classname="Test.Testmvn.SeleniumTest" name="Login" time="0.001"/>
  <system-out/>
  <testcase classname="Test.Testmvn.SeleniumTest" name="LogOut" time="0.001"/>
  <system-out/>
</testsuite> <!-- Test.Testmvn.SeleniumTest -->
