<?xml version="1.0" encoding="UTF-8"?>
<!-- Generated by org.testng.reporters.JUnitReportReporter -->
<testsuite hostname="LAPTOP-58IR3VEO" failures="0" tests="1" name="Test.Testmvn.ExtentTest" time="5.437" errors="0" timestamp="2022-03-23T17:56:44 EDT" skipped="0">
  <testcase classname="Test.Testmvn.ExtentTest" name="Demo" time="5.437"/>
  <system-out/>
</testsuite> <!-- Test.Testmvn.ExtentTest -->
