<?xml version="1.0" encoding="UTF-8"?>
<!-- Generated by org.testng.reporters.JUnitReportReporter -->
<testsuite hostname="LAPTOP-58IR3VEO" failures="0" tests="1" name="TestCase.HomeTestCase" time="5.064" errors="0" timestamp="2022-03-24T16:38:25 EDT" skipped="0">
  <testcase classname="TestCase.HomeTestCase" name="EnterSerachKeyWord" time="5.064"/>
  <system-out/>
</testsuite> <!-- TestCase.HomeTestCase -->
