<?xml version="1.0" encoding="UTF-8"?>
<!-- Generated by org.testng.reporters.JUnitReportReporter -->
<testsuite hostname="LAPTOP-58IR3VEO" failures="0" tests="1" name="TestCase.HomeAmazonTestcase" time="7.625" errors="0" timestamp="2022-03-29T14:55:29 EDT" skipped="0">
  <testcase classname="TestCase.HomeAmazonTestcase" name="SerachTextEnter" time="7.625"/>
  <system-out/>
</testsuite> <!-- TestCase.HomeAmazonTestcase -->
