<?xml version="1.0" encoding="UTF-8"?>
<!-- Generated by org.testng.reporters.JUnitReportReporter -->
<testsuite hostname="LAPTOP-58IR3VEO" failures="0" tests="1" name="Test.Testmvn.RestAPITest" time="0.000" errors="0" timestamp="2022-03-23T01:10:48 EDT" skipped="0">
  <testcase classname="Test.Testmvn.RestAPITest" name="GetAllStudents" time="0.000"/>
  <system-out/>
</testsuite> <!-- Test.Testmvn.RestAPITest -->
