<?xml version="1.0" encoding="UTF-8"?>
<!-- Generated by org.testng.reporters.JUnitReportReporter -->
<testsuite hostname="LAPTOP-58IR3VEO" failures="0" tests="2" name="Test.Testmvn.MobileTest" time="0.007" errors="0" timestamp="2022-03-23T01:10:48 EDT" skipped="0">
  <testcase classname="Test.Testmvn.MobileTest" name="IOS" time="0.001"/>
  <system-out/>
  <testcase classname="Test.Testmvn.MobileTest" name="Android" time="0.006"/>
  <system-out/>
</testsuite> <!-- Test.Testmvn.MobileTest -->
