<?xml version="1.0" encoding="UTF-8"?>
<!-- Generated by org.testng.reporters.JUnitReportReporter -->
<testsuite hostname="LAPTOP-58IR3VEO" failures="0" tests="1" name="TestCase.HomeAmazonPFTestcase" time="7.481" errors="0" timestamp="2022-03-29T15:22:27 EDT" skipped="0">
  <testcase classname="TestCase.HomeAmazonPFTestcase" name="enterSearchText" time="7.481"/>
  <system-out/>
</testsuite> <!-- TestCase.HomeAmazonPFTestcase -->
